<?xml version="1.0" encoding="UTF-8"?>
<!-- Generated by org.testng.reporters.JUnitXMLReporter -->
<testsuite hostname="DESKTOP-PU16VBP" ignored="0" name="Tesla Create Account Test on chrome" tests="2" failures="1" timestamp="2021-09-22T06:49:46 CDT" time="8.564" errors="0">
  <testcase name="test_Google" time="0.064" classname="com.cap.testCases.Google_Test">
    <failure type="java.lang.AssertionError" message="expected [Google4] but found [Google]">
      <![CDATA[java.lang.AssertionError: expected [Google4] but found [Google]
at com.cap.testCases.Google_Test.test_Google(Google_Test.java:30)
at java.util.ArrayList.forEach(ArrayList.java:1257)
at java.util.concurrent.FutureTask.run(FutureTask.java:266)
at java.util.concurrent.ThreadPoolExecutor.runWorker(ThreadPoolExecutor.java:1149)
at java.util.concurrent.ThreadPoolExecutor$Worker.run(ThreadPoolExecutor.java:624)
at java.lang.Thread.run(Thread.java:748)
... Removed 24 stack frames]]>
    </failure>
  </testcase> <!-- test_Google -->
  <testcase name="test_display_CurrentURL" time="0.012" classname="com.cap.testCases.Google_Test"/>
</testsuite> <!-- Tesla Create Account Test on chrome -->
