<?xml version="1.0" encoding="UTF-8"?>
<!-- Generated by org.testng.reporters.JUnitXMLReporter -->
<testsuite hostname="DESKTOP-PU16VBP" ignored="0" name="Tesla Create Account Test" tests="1" failures="1" timestamp="2021-09-15T18:07:23 CDT" time="6.442" errors="0">
  <testcase name="test_Create_Account" time="0.099" classname="com.cap.testCases.Google_Test">
    <failure type="java.lang.AssertionError" message="expected [true] but found [false]">
      <![CDATA[java.lang.AssertionError: expected [true] but found [false]
at com.cap.testCases.Google_Test.test_Create_Account(CreateAccountTest.java:31)
at java.util.ArrayList.forEach(ArrayList.java:1257)
... Removed 31 stack frames]]>
    </failure>
  </testcase> <!-- test_Create_Account -->
</testsuite> <!-- Tesla Create Account Test -->
