<?xml version="1.0" encoding="UTF-8"?>
<!-- Generated by org.testng.reporters.JUnitXMLReporter -->
<testsuite hostname="DESKTOP-PU16VBP" ignored="1" name="Tesla Create Account Test on chrome(failed)" tests="1" failures="1" timestamp="2021-09-19T17:29:20 CDT" time="6.889" errors="0">
  <testcase name="test_displayLogo" time="0.074" classname="com.cap.testCases.Google_Test">
    <failure type="java.lang.AssertionError" message="expected [true] but found [false]">
      <![CDATA[java.lang.AssertionError: expected [true] but found [false]
at com.cap.testCases.Google_Test.test_displayLogo(CreateAccountTest.java:49)
at java.util.ArrayList.forEach(ArrayList.java:1257)
at java.util.concurrent.FutureTask.run(FutureTask.java:266)
at java.util.concurrent.ThreadPoolExecutor.runWorker(ThreadPoolExecutor.java:1149)
at java.util.concurrent.ThreadPoolExecutor$Worker.run(ThreadPoolExecutor.java:624)
at java.lang.Thread.run(Thread.java:748)
... Removed 22 stack frames]]>
    </failure>
  </testcase> <!-- test_displayLogo -->
  <testcase name="test_Create_Account" time="0.0" classname="com.cap.testCases.Google_Test">
    <ignored/>
  </testcase> <!-- test_Create_Account -->
</testsuite> <!-- Tesla Create Account Test on chrome(failed) -->
