<?xml version="1.0" encoding="UTF-8"?>
<testng-results skipped="0" failed="2" ignored="0" total="4" passed="2">
  <reporter-output>
  </reporter-output>
  <suite name="Tesla Suite" duration-ms="16819" started-at="2021-09-22T06:49:38 CDT" finished-at="2021-09-22T06:49:54 CDT">
    <groups>
    </groups>
    <test name="Tesla Create Account Test on chrome" duration-ms="8564" started-at="2021-09-22T06:49:38 CDT" finished-at="2021-09-22T06:49:46 CDT">
      <class name="com.cap.testCases.Google_Test">
        <test-method status="PASS" signature="setUp(java.lang.String)[pri:0, instance:com.cap.testCases.Google_Test@2833cc44]" name="setUp" is-config="true" duration-ms="3800" started-at="2021-09-22T06:49:38 CDT" finished-at="2021-09-22T06:49:41 CDT">
          <params>
            <param index="0">
              <value>
                <![CDATA[chrome]]>
              </value>
            </param>
          </params>
          <reporter-output>
          </reporter-output>
        </test-method> <!-- setUp -->
        <test-method status="FAIL" signature="test_Google()[pri:1, instance:com.cap.testCases.Google_Test@2833cc44]" name="test_Google" duration-ms="64" started-at="2021-09-22T06:49:41 CDT" finished-at="2021-09-22T06:49:42 CDT">
          <exception class="java.lang.AssertionError">
            <message>
              <![CDATA[expected [Google4] but found [Google]]]>
            </message>
            <full-stacktrace>
              <![CDATA[java.lang.AssertionError: expected [Google4] but found [Google]
at org.testng.Assert.fail(Assert.java:99)
at org.testng.Assert.failNotEquals(Assert.java:1037)
at org.testng.Assert.assertEqualsImpl(Assert.java:140)
at org.testng.Assert.assertEquals(Assert.java:122)
at org.testng.Assert.assertEquals(Assert.java:629)
at org.testng.Assert.assertEquals(Assert.java:639)
at com.cap.testCases.Google_Test.test_Google(Google_Test.java:30)
at sun.reflect.NativeMethodAccessorImpl.invoke0(Native Method)
at sun.reflect.NativeMethodAccessorImpl.invoke(NativeMethodAccessorImpl.java:62)
at sun.reflect.DelegatingMethodAccessorImpl.invoke(DelegatingMethodAccessorImpl.java:43)
at java.lang.reflect.Method.invoke(Method.java:498)
at org.testng.internal.MethodInvocationHelper.invokeMethod(MethodInvocationHelper.java:132)
at org.testng.internal.TestInvoker.invokeMethod(TestInvoker.java:599)
at org.testng.internal.TestInvoker.invokeTestMethod(TestInvoker.java:174)
at org.testng.internal.MethodRunner.runInSequence(MethodRunner.java:46)
at org.testng.internal.TestInvoker$MethodInvocationAgent.invoke(TestInvoker.java:822)
at org.testng.internal.TestInvoker.invokeTestMethods(TestInvoker.java:147)
at org.testng.internal.TestMethodWorker.invokeTestMethods(TestMethodWorker.java:146)
at org.testng.internal.TestMethodWorker.run(TestMethodWorker.java:128)
at java.util.ArrayList.forEach(ArrayList.java:1257)
at org.testng.TestRunner.privateRun(TestRunner.java:764)
at org.testng.TestRunner.run(TestRunner.java:585)
at org.testng.SuiteRunner.runTest(SuiteRunner.java:384)
at org.testng.SuiteRunner.access$000(SuiteRunner.java:28)
at org.testng.SuiteRunner$SuiteWorker.run(SuiteRunner.java:425)
at org.testng.internal.thread.ThreadUtil.lambda$execute$0(ThreadUtil.java:66)
at java.util.concurrent.FutureTask.run(FutureTask.java:266)
at java.util.concurrent.ThreadPoolExecutor.runWorker(ThreadPoolExecutor.java:1149)
at java.util.concurrent.ThreadPoolExecutor$Worker.run(ThreadPoolExecutor.java:624)
at java.lang.Thread.run(Thread.java:748)
]]>
            </full-stacktrace>
          </exception> <!-- java.lang.AssertionError -->
          <reporter-output>
          </reporter-output>
        </test-method> <!-- test_Google -->
        <test-method status="PASS" signature="tearDown()[pri:0, instance:com.cap.testCases.Google_Test@2833cc44]" name="tearDown" is-config="true" duration-ms="667" started-at="2021-09-22T06:49:42 CDT" finished-at="2021-09-22T06:49:42 CDT">
          <reporter-output>
          </reporter-output>
        </test-method> <!-- tearDown -->
        <test-method status="PASS" signature="setUp(java.lang.String)[pri:0, instance:com.cap.testCases.Google_Test@2833cc44]" name="setUp" is-config="true" duration-ms="2917" started-at="2021-09-22T06:49:42 CDT" finished-at="2021-09-22T06:49:45 CDT">
          <params>
            <param index="0">
              <value>
                <![CDATA[chrome]]>
              </value>
            </param>
          </params>
          <reporter-output>
          </reporter-output>
        </test-method> <!-- setUp -->
        <test-method status="PASS" signature="test_display_CurrentURL()[pri:2, instance:com.cap.testCases.Google_Test@2833cc44]" name="test_display_CurrentURL" duration-ms="12" started-at="2021-09-22T06:49:45 CDT" finished-at="2021-09-22T06:49:45 CDT">
          <reporter-output>
          </reporter-output>
        </test-method> <!-- test_display_CurrentURL -->
        <test-method status="PASS" signature="tearDown()[pri:0, instance:com.cap.testCases.Google_Test@2833cc44]" name="tearDown" is-config="true" duration-ms="839" started-at="2021-09-22T06:49:45 CDT" finished-at="2021-09-22T06:49:46 CDT">
          <reporter-output>
          </reporter-output>
        </test-method> <!-- tearDown -->
      </class> <!-- com.cap.testCases.Google_Test -->
    </test> <!-- Tesla Create Account Test on chrome -->
    <test name="Tesla Create Account Test on firefox" duration-ms="16819" started-at="2021-09-22T06:49:38 CDT" finished-at="2021-09-22T06:49:54 CDT">
      <class name="com.cap.testCases.Google_Test">
        <test-method status="PASS" signature="CreateReport()[pri:0, instance:com.cap.testCases.Google_Test@2a742aa2]" name="CreateReport" is-config="true" duration-ms="167" started-at="2021-09-22T06:49:37 CDT" finished-at="2021-09-22T06:49:38 CDT">
          <reporter-output>
          </reporter-output>
        </test-method> <!-- CreateReport -->
        <test-method status="PASS" signature="setUp(java.lang.String)[pri:0, instance:com.cap.testCases.Google_Test@2a742aa2]" name="setUp" is-config="true" duration-ms="8858" started-at="2021-09-22T06:49:38 CDT" finished-at="2021-09-22T06:49:46 CDT">
          <params>
            <param index="0">
              <value>
                <![CDATA[firefox]]>
              </value>
            </param>
          </params>
          <reporter-output>
          </reporter-output>
        </test-method> <!-- setUp -->
        <test-method status="FAIL" signature="test_Google()[pri:1, instance:com.cap.testCases.Google_Test@2a742aa2]" name="test_Google" duration-ms="11" started-at="2021-09-22T06:49:46 CDT" finished-at="2021-09-22T06:49:47 CDT">
          <exception class="java.lang.AssertionError">
            <message>
              <![CDATA[expected [Google4] but found [Google]]]>
            </message>
            <full-stacktrace>
              <![CDATA[java.lang.AssertionError: expected [Google4] but found [Google]
at org.testng.Assert.fail(Assert.java:99)
at org.testng.Assert.failNotEquals(Assert.java:1037)
at org.testng.Assert.assertEqualsImpl(Assert.java:140)
at org.testng.Assert.assertEquals(Assert.java:122)
at org.testng.Assert.assertEquals(Assert.java:629)
at org.testng.Assert.assertEquals(Assert.java:639)
at com.cap.testCases.Google_Test.test_Google(Google_Test.java:30)
at sun.reflect.NativeMethodAccessorImpl.invoke0(Native Method)
at sun.reflect.NativeMethodAccessorImpl.invoke(NativeMethodAccessorImpl.java:62)
at sun.reflect.DelegatingMethodAccessorImpl.invoke(DelegatingMethodAccessorImpl.java:43)
at java.lang.reflect.Method.invoke(Method.java:498)
at org.testng.internal.MethodInvocationHelper.invokeMethod(MethodInvocationHelper.java:132)
at org.testng.internal.TestInvoker.invokeMethod(TestInvoker.java:599)
at org.testng.internal.TestInvoker.invokeTestMethod(TestInvoker.java:174)
at org.testng.internal.MethodRunner.runInSequence(MethodRunner.java:46)
at org.testng.internal.TestInvoker$MethodInvocationAgent.invoke(TestInvoker.java:822)
at org.testng.internal.TestInvoker.invokeTestMethods(TestInvoker.java:147)
at org.testng.internal.TestMethodWorker.invokeTestMethods(TestMethodWorker.java:146)
at org.testng.internal.TestMethodWorker.run(TestMethodWorker.java:128)
at java.util.ArrayList.forEach(ArrayList.java:1257)
at org.testng.TestRunner.privateRun(TestRunner.java:764)
at org.testng.TestRunner.run(TestRunner.java:585)
at org.testng.SuiteRunner.runTest(SuiteRunner.java:384)
at org.testng.SuiteRunner.access$000(SuiteRunner.java:28)
at org.testng.SuiteRunner$SuiteWorker.run(SuiteRunner.java:425)
at org.testng.internal.thread.ThreadUtil.lambda$execute$0(ThreadUtil.java:66)
at java.util.concurrent.FutureTask.run(FutureTask.java:266)
at java.util.concurrent.ThreadPoolExecutor.runWorker(ThreadPoolExecutor.java:1149)
at java.util.concurrent.ThreadPoolExecutor$Worker.run(ThreadPoolExecutor.java:624)
at java.lang.Thread.run(Thread.java:748)
]]>
            </full-stacktrace>
          </exception> <!-- java.lang.AssertionError -->
          <reporter-output>
          </reporter-output>
        </test-method> <!-- test_Google -->
        <test-method status="PASS" signature="tearDown()[pri:0, instance:com.cap.testCases.Google_Test@2a742aa2]" name="tearDown" is-config="true" duration-ms="903" started-at="2021-09-22T06:49:47 CDT" finished-at="2021-09-22T06:49:48 CDT">
          <reporter-output>
          </reporter-output>
        </test-method> <!-- tearDown -->
        <test-method status="PASS" signature="setUp(java.lang.String)[pri:0, instance:com.cap.testCases.Google_Test@2a742aa2]" name="setUp" is-config="true" duration-ms="5822" started-at="2021-09-22T06:49:48 CDT" finished-at="2021-09-22T06:49:53 CDT">
          <params>
            <param index="0">
              <value>
                <![CDATA[firefox]]>
              </value>
            </param>
          </params>
          <reporter-output>
          </reporter-output>
        </test-method> <!-- setUp -->
        <test-method status="PASS" signature="test_display_CurrentURL()[pri:2, instance:com.cap.testCases.Google_Test@2a742aa2]" name="test_display_CurrentURL" duration-ms="8" started-at="2021-09-22T06:49:53 CDT" finished-at="2021-09-22T06:49:53 CDT">
          <reporter-output>
          </reporter-output>
        </test-method> <!-- test_display_CurrentURL -->
        <test-method status="PASS" signature="tearDown()[pri:0, instance:com.cap.testCases.Google_Test@2a742aa2]" name="tearDown" is-config="true" duration-ms="1009" started-at="2021-09-22T06:49:53 CDT" finished-at="2021-09-22T06:49:54 CDT">
          <reporter-output>
          </reporter-output>
        </test-method> <!-- tearDown -->
        <test-method status="PASS" signature="CloseReport()[pri:0, instance:com.cap.testCases.Google_Test@2a742aa2]" name="CloseReport" is-config="true" duration-ms="288" started-at="2021-09-22T06:49:54 CDT" finished-at="2021-09-22T06:49:55 CDT">
          <reporter-output>
          </reporter-output>
        </test-method> <!-- CloseReport -->
      </class> <!-- com.cap.testCases.Google_Test -->
    </test> <!-- Tesla Create Account Test on firefox -->
  </suite> <!-- Tesla Suite -->
</testng-results>
